TN:
SF:/Users/dhanrajkumar/nodetest/node-unit-tests/app/i18n.js
FN:13,translate
FNF:1
FNH:1
FNDA:14,translate
DA:2,1
DA:13,1
DA:14,14
DA:16,14
DA:17,5
DA:20,9
LF:6
LH:6
BRDA:16,0,0,5
BRDA:16,0,1,9
BRDA:20,1,0,9
BRDA:20,1,1,2
BRF:4
BRH:4
end_of_record
TN:
SF:/Users/dhanrajkumar/nodetest/node-unit-tests/app/server.js
FN:4,requestHandler
FN:20,(anonymous_1)
FNF:2
FNH:1
FNDA:2,requestHandler
FNDA:0,(anonymous_1)
DA:1,1
DA:2,1
DA:4,1
DA:5,2
DA:6,1
DA:7,1
DA:8,1
DA:11,1
DA:14,1
DA:18,1
DA:20,0
DA:21,0
DA:26,1
LF:13
LH:11
BRDA:5,0,0,1
BRDA:5,0,1,1
BRDA:18,1,0,0
BRDA:18,1,1,1
BRF:4
BRH:3
end_of_record
TN:
SF:/Users/dhanrajkumar/nodetest/node-unit-tests/app/team.js
FN:2,teamModule
FN:10,(anonymous_1)
FN:14,(anonymous_2)
FNF:3
FNH:3
FNDA:1,teamModule
FNDA:1,(anonymous_1)
FNDA:1,(anonymous_2)
DA:2,1
DA:3,1
DA:5,1
DA:6,0
DA:9,1
DA:12,1
DA:15,1
DA:17,1
LF:8
LH:7
BRDA:3,0,0,1
BRDA:3,0,1,0
BRDA:5,1,0,0
BRDA:5,1,1,1
BRDA:15,2,0,0
BRDA:15,2,1,1
BRF:6
BRH:3
end_of_record
TN:
SF:/Users/dhanrajkumar/nodetest/node-unit-tests/app/text.js
FN:5,translateText
FN:7,(anonymous_1)
FN:15,(anonymous_2)
FNF:3
FNH:3
FNDA:2,translateText
FNDA:2,(anonymous_1)
FNDA:6,(anonymous_2)
DA:2,1
DA:3,1
DA:5,1
DA:7,2
DA:8,2
DA:10,2
DA:12,2
DA:14,2
DA:15,2
DA:16,6
DA:19,2
DA:22,1
LF:12
LH:12
BRDA:10,0,0,0
BRDA:10,0,1,2
BRF:2
BRH:1
end_of_record
